<?xml version="1.0" encoding="UTF-8"?>
<robot generator="Robot 7.1.1 (Python 3.13.1 on win32)" generated="2024-12-28T16:22:56.646089" rpa="false" schemaversion="5">
<suite id="s1" name="Testdemo4" source="C:\Users\Selvakumar\PycharmProjects\RobotFrameWorkLearnings\testdemo4.robot">
<test id="s1-t1" name="Invalid_Username" line="10">
<kw name="Open the browser with Mortgage Payment url" owner="resources" type="SETUP">
<kw name="Create Webdriver" owner="SeleniumLibrary">
<msg time="2024-12-28T16:22:57.529896" level="INFO">Creating an instance of the Chrome WebDriver.</msg>
<arg>Chrome</arg>
<doc>Creates an instance of Selenium WebDriver.</doc>
<status status="PASS" start="2024-12-28T16:22:57.529593" elapsed="5.353083"/>
</kw>
<kw name="Go To" owner="SeleniumLibrary">
<msg time="2024-12-28T16:23:02.884878" level="INFO">Opening url 'https://rahulshettyacademy.com/loginpagePractise/'</msg>
<arg>${HomePageUrl}</arg>
<doc>Navigates the current browser window to the provided ``url``.</doc>
<status status="PASS" start="2024-12-28T16:23:02.884400" elapsed="1.119287"/>
</kw>
<status status="PASS" start="2024-12-28T16:22:57.528003" elapsed="6.475927"/>
</kw>
<kw name="Validate unSuccessful Login">
<kw name="Enter User Name and Password">
<kw name="Input Text" owner="SeleniumLibrary">
<msg time="2024-12-28T16:23:04.008481" level="INFO">Typing text 'GOAT' into text field 'id:username'.</msg>
<arg>id:username</arg>
<arg>${user_name}</arg>
<doc>Types the given ``text`` into the text field identified by ``locator``.</doc>
<status status="PASS" start="2024-12-28T16:23:04.005925" elapsed="0.426178"/>
</kw>
<kw name="Input Password" owner="SeleniumLibrary">
<msg time="2024-12-28T16:23:04.432771" level="INFO">Typing password into text field 'id:password'.</msg>
<msg time="2024-12-28T16:23:04.503342" level="INFO">Temporally setting log level to: NONE</msg>
<arg>id:password</arg>
<arg>${password}</arg>
<doc>Types the given password into the text field identified by ``locator``.</doc>
<status status="PASS" start="2024-12-28T16:23:04.432399" elapsed="0.174342"/>
</kw>
<kw name="Click Button" owner="SeleniumLibrary">
<msg time="2024-12-28T16:23:04.607296" level="INFO">Clicking button 'css:input[value=user]'.</msg>
<arg>css:input[value=user]</arg>
<doc>Clicks the button identified by ``locator``.</doc>
<status status="PASS" start="2024-12-28T16:23:04.607017" elapsed="0.136125"/>
</kw>
<kw name="Wait Until Element Is Visible" owner="SeleniumLibrary">
<arg>css:button[id=okayBtn]</arg>
<doc>Waits until the element ``locator`` is visible.</doc>
<status status="PASS" start="2024-12-28T16:23:04.743367" elapsed="0.252521"/>
</kw>
<kw name="Click Button" owner="SeleniumLibrary">
<msg time="2024-12-28T16:23:04.996622" level="INFO">Clicking button 'css:button[id=okayBtn]'.</msg>
<arg>css:button[id=okayBtn]</arg>
<doc>Clicks the button identified by ``locator``.</doc>
<status status="PASS" start="2024-12-28T16:23:04.996260" elapsed="0.103003"/>
</kw>
<kw name="Select From List By Label" owner="SeleniumLibrary">
<msg time="2024-12-28T16:23:05.100258" level="INFO">Selecting options from selection list 'css:select.form-control' by label Consultant.</msg>
<arg>css:select.form-control</arg>
<arg>Consultant</arg>
<doc>Selects options from selection list ``locator`` by ``labels``.</doc>
<status status="PASS" start="2024-12-28T16:23:05.099677" elapsed="0.093011"/>
</kw>
<kw name="Select Checkbox" owner="SeleniumLibrary">
<msg time="2024-12-28T16:23:05.193326" level="INFO">Selecting checkbox 'terms'.</msg>
<arg>terms</arg>
<doc>Selects the checkbox identified by ``locator``.</doc>
<status status="PASS" start="2024-12-28T16:23:05.192965" elapsed="0.256321"/>
</kw>
<kw name="Click Button" owner="SeleniumLibrary">
<msg time="2024-12-28T16:23:05.449719" level="INFO">Clicking button 'signInBtn'.</msg>
<arg>signInBtn</arg>
<doc>Clicks the button identified by ``locator``.</doc>
<status status="PASS" start="2024-12-28T16:23:05.449505" elapsed="0.085797"/>
</kw>
<arg>${UserName}</arg>
<arg>${invalidPassword}</arg>
<status status="PASS" start="2024-12-28T16:23:04.005390" elapsed="1.530085"/>
</kw>
<kw name="Wait until element is located in the page">
<kw name="Wait Until Element Is Visible" owner="SeleniumLibrary">
<arg>${MessageLocator}</arg>
<doc>Waits until the element ``locator`` is visible.</doc>
<status status="PASS" start="2024-12-28T16:23:05.536456" elapsed="2.208889"/>
</kw>
<arg>${IncorrectMessageLocator}</arg>
<status status="PASS" start="2024-12-28T16:23:05.535878" elapsed="2.209675"/>
</kw>
<kw name="Verify the displayed error message">
<kw name="Element Text Should Be" owner="SeleniumLibrary">
<msg time="2024-12-28T16:23:07.746451" level="INFO">Verifying element 'css:.alert-danger' contains exact text 'Incorrect username/password.'.</msg>
<arg>${IncorrectMessageLocator}</arg>
<arg>Incorrect username/password.</arg>
<doc>Verifies that element ``locator`` contains exact the text ``expected``.</doc>
<status status="PASS" start="2024-12-28T16:23:07.746183" elapsed="0.031245"/>
</kw>
<status status="PASS" start="2024-12-28T16:23:07.745810" elapsed="0.031756"/>
</kw>
<arg>GOAT</arg>
<arg>Vijay</arg>
<status status="PASS" start="2024-12-28T16:23:04.004707" elapsed="3.772931"/>
</kw>
<kw name="Close Browser session" owner="resources" type="TEARDOWN">
<kw name="Close Browser" owner="SeleniumLibrary">
<doc>Closes the current browser.</doc>
<status status="PASS" start="2024-12-28T16:23:07.778356" elapsed="2.462369"/>
</kw>
<status status="PASS" start="2024-12-28T16:23:07.778088" elapsed="2.462935"/>
</kw>
<status status="PASS" start="2024-12-28T16:22:57.526643" elapsed="12.714879"/>
</test>
<test id="s1-t2" name="Invalid_Password" line="11">
<kw name="Open the browser with Mortgage Payment url" owner="resources" type="SETUP">
<kw name="Create Webdriver" owner="SeleniumLibrary">
<msg time="2024-12-28T16:23:10.244962" level="INFO">Creating an instance of the Chrome WebDriver.</msg>
<arg>Chrome</arg>
<doc>Creates an instance of Selenium WebDriver.</doc>
<status status="PASS" start="2024-12-28T16:23:10.244687" elapsed="2.167441"/>
</kw>
<kw name="Go To" owner="SeleniumLibrary">
<msg time="2024-12-28T16:23:12.412833" level="INFO">Opening url 'https://rahulshettyacademy.com/loginpagePractise/'</msg>
<arg>${HomePageUrl}</arg>
<doc>Navigates the current browser window to the provided ``url``.</doc>
<status status="PASS" start="2024-12-28T16:23:12.412447" elapsed="0.628146"/>
</kw>
<status status="PASS" start="2024-12-28T16:23:10.244144" elapsed="2.796632"/>
</kw>
<kw name="Validate unSuccessful Login">
<kw name="Enter User Name and Password">
<kw name="Input Text" owner="SeleniumLibrary">
<msg time="2024-12-28T16:23:13.042807" level="INFO">Typing text 'GOAT' into text field 'id:username'.</msg>
<arg>id:username</arg>
<arg>${user_name}</arg>
<doc>Types the given ``text`` into the text field identified by ``locator``.</doc>
<status status="PASS" start="2024-12-28T16:23:13.042525" elapsed="0.289362"/>
</kw>
<kw name="Input Password" owner="SeleniumLibrary">
<msg time="2024-12-28T16:23:13.332775" level="INFO">Typing password into text field 'id:password'.</msg>
<msg time="2024-12-28T16:23:13.396330" level="INFO">Temporally setting log level to: NONE</msg>
<arg>id:password</arg>
<arg>${password}</arg>
<doc>Types the given password into the text field identified by ``locator``.</doc>
<status status="PASS" start="2024-12-28T16:23:13.332195" elapsed="0.197985"/>
</kw>
<kw name="Click Button" owner="SeleniumLibrary">
<msg time="2024-12-28T16:23:13.530752" level="INFO">Clicking button 'css:input[value=user]'.</msg>
<arg>css:input[value=user]</arg>
<doc>Clicks the button identified by ``locator``.</doc>
<status status="PASS" start="2024-12-28T16:23:13.530482" elapsed="0.301158"/>
</kw>
<kw name="Wait Until Element Is Visible" owner="SeleniumLibrary">
<arg>css:button[id=okayBtn]</arg>
<doc>Waits until the element ``locator`` is visible.</doc>
<status status="PASS" start="2024-12-28T16:23:13.831929" elapsed="0.300758"/>
</kw>
<kw name="Click Button" owner="SeleniumLibrary">
<msg time="2024-12-28T16:23:14.133406" level="INFO">Clicking button 'css:button[id=okayBtn]'.</msg>
<arg>css:button[id=okayBtn]</arg>
<doc>Clicks the button identified by ``locator``.</doc>
<status status="PASS" start="2024-12-28T16:23:14.132954" elapsed="0.098004"/>
</kw>
<kw name="Select From List By Label" owner="SeleniumLibrary">
<msg time="2024-12-28T16:23:14.231404" level="INFO">Selecting options from selection list 'css:select.form-control' by label Consultant.</msg>
<arg>css:select.form-control</arg>
<arg>Consultant</arg>
<doc>Selects options from selection list ``locator`` by ``labels``.</doc>
<status status="PASS" start="2024-12-28T16:23:14.231180" elapsed="0.104831"/>
</kw>
<kw name="Select Checkbox" owner="SeleniumLibrary">
<msg time="2024-12-28T16:23:14.337520" level="INFO">Selecting checkbox 'terms'.</msg>
<arg>terms</arg>
<doc>Selects the checkbox identified by ``locator``.</doc>
<status status="PASS" start="2024-12-28T16:23:14.337152" elapsed="0.242372"/>
</kw>
<kw name="Click Button" owner="SeleniumLibrary">
<msg time="2024-12-28T16:23:14.580117" level="INFO">Clicking button 'signInBtn'.</msg>
<arg>signInBtn</arg>
<doc>Clicks the button identified by ``locator``.</doc>
<status status="PASS" start="2024-12-28T16:23:14.579854" elapsed="0.088513"/>
</kw>
<arg>${UserName}</arg>
<arg>${invalidPassword}</arg>
<status status="PASS" start="2024-12-28T16:23:13.042030" elapsed="1.626485"/>
</kw>
<kw name="Wait until element is located in the page">
<kw name="Wait Until Element Is Visible" owner="SeleniumLibrary">
<arg>${MessageLocator}</arg>
<doc>Waits until the element ``locator`` is visible.</doc>
<status status="PASS" start="2024-12-28T16:23:14.669489" elapsed="2.208901"/>
</kw>
<arg>${IncorrectMessageLocator}</arg>
<status status="PASS" start="2024-12-28T16:23:14.668808" elapsed="2.209709"/>
</kw>
<kw name="Verify the displayed error message">
<kw name="Element Text Should Be" owner="SeleniumLibrary">
<msg time="2024-12-28T16:23:16.879160" level="INFO">Verifying element 'css:.alert-danger' contains exact text 'Incorrect username/password.'.</msg>
<arg>${IncorrectMessageLocator}</arg>
<arg>Incorrect username/password.</arg>
<doc>Verifies that element ``locator`` contains exact the text ``expected``.</doc>
<status status="PASS" start="2024-12-28T16:23:16.878952" elapsed="0.026574"/>
</kw>
<status status="PASS" start="2024-12-28T16:23:16.878702" elapsed="0.027106"/>
</kw>
<arg>GOAT</arg>
<arg>Ajay</arg>
<status status="PASS" start="2024-12-28T16:23:13.041436" elapsed="3.864485"/>
</kw>
<kw name="Close Browser session" owner="resources" type="TEARDOWN">
<kw name="Close Browser" owner="SeleniumLibrary">
<doc>Closes the current browser.</doc>
<status status="PASS" start="2024-12-28T16:23:16.907002" elapsed="2.494686"/>
</kw>
<status status="PASS" start="2024-12-28T16:23:16.906567" elapsed="2.495450"/>
</kw>
<status status="PASS" start="2024-12-28T16:23:10.243080" elapsed="9.159430"/>
</test>
<test id="s1-t3" name="Invalid_strings" line="12">
<kw name="Open the browser with Mortgage Payment url" owner="resources" type="SETUP">
<kw name="Create Webdriver" owner="SeleniumLibrary">
<msg time="2024-12-28T16:23:19.406261" level="INFO">Creating an instance of the Chrome WebDriver.</msg>
<arg>Chrome</arg>
<doc>Creates an instance of Selenium WebDriver.</doc>
<status status="PASS" start="2024-12-28T16:23:19.405929" elapsed="2.022532"/>
</kw>
<kw name="Go To" owner="SeleniumLibrary">
<msg time="2024-12-28T16:23:21.429648" level="INFO">Opening url 'https://rahulshettyacademy.com/loginpagePractise/'</msg>
<arg>${HomePageUrl}</arg>
<doc>Navigates the current browser window to the provided ``url``.</doc>
<status status="PASS" start="2024-12-28T16:23:21.428796" elapsed="2.124364"/>
</kw>
<status status="PASS" start="2024-12-28T16:23:19.405239" elapsed="4.148058"/>
</kw>
<kw name="Validate unSuccessful Login">
<msg time="2024-12-28T16:23:23.555212" level="FAIL">Keyword 'Validate unSuccessful Login' expected 2 arguments, got 1.</msg>
<arg>$#%@</arg>
<status status="FAIL" start="2024-12-28T16:23:23.554785" elapsed="0.000653">Keyword 'Validate unSuccessful Login' expected 2 arguments, got 1.</status>
</kw>
<kw name="Close Browser session" owner="resources" type="TEARDOWN">
<kw name="Close Browser" owner="SeleniumLibrary">
<doc>Closes the current browser.</doc>
<status status="PASS" start="2024-12-28T16:23:23.557674" elapsed="2.284666"/>
</kw>
<status status="PASS" start="2024-12-28T16:23:23.556610" elapsed="2.285967"/>
</kw>
<status status="FAIL" start="2024-12-28T16:23:19.403917" elapsed="6.439265">Keyword 'Validate unSuccessful Login' expected 2 arguments, got 1.</status>
</test>
<status status="FAIL" start="2024-12-28T16:22:56.662293" elapsed="29.182878"/>
</suite>
<statistics>
<total>
<stat pass="2" fail="1" skip="0">All Tests</stat>
</total>
<tag>
</tag>
<suite>
<stat pass="2" fail="1" skip="0" id="s1" name="Testdemo4">Testdemo4</stat>
</suite>
</statistics>
<errors>
</errors>
</robot>
